0 info it worked if it ends with ok
1 verbose cli [ 'C:\\laragon\\bin\\nodejs\\node.exe',
1 verbose cli   'C:\\laragon\\bin\\nodejs\\node_modules\\npm\\bin\\npm-cli.js',
1 verbose cli   'run',
1 verbose cli   'dev' ]
2 info using npm@3.10.3
3 info using node@v6.3.0
4 verbose run-script [ 'predev', 'dev', 'postdev' ]
5 info lifecycle todos2@~predev: todos2@
6 silly lifecycle todos2@~predev: no script for predev, continuing
7 info lifecycle todos2@~dev: todos2@
8 verbose lifecycle todos2@~dev: unsafe-perm in lifecycle true
9 verbose lifecycle todos2@~dev: PATH: C:\laragon\bin\nodejs\node_modules\npm\bin\node-gyp-bin;E:\Web\Front-End\html\vue2\todos2\node_modules\.bin;C:\laragon\bin\nodejs;C:\Users\hp\AppData\Roaming\npm;C:\laragon\bin\cmder\vendor\telnet;C:\laragon\bin\cmder\vendor\putty;C:\Users\hp\AppData\Roaming\Composer\vendor\bin;C:\laragon\bin\mysql\mysql-5.7.13-win32\bin;C:\laragon\bin\php\php-7.0.8-Win32-VC14-x86;C:\laragon\bin\composer;C:\laragon\bin\apache\httpd-2.4.23-win32-VC14\bin\;C:\laragon\bin\redis\redis-2.8.17;C:\laragon\bin\memcached\memcached-1.4.5;C:\laragon\bin\nodejs;C:\laragon\bin\notepad++;C:\laragon\bin\telnet;C:\laragon\bin\sublime;C:\laragon\bin\ngrok;C:\laragon\bin\sendmail;C:\laragon\bin\winscp;C:\laragon\bin\git\bin;C:\laragon\bin\git\usr\bin;C:\laragon\bin\git\mingw32\bin;C:\laragon\bin;C:\laragon\usr\bin;C:\laragon\bin\putty;C:\laragon\bin\cmder\bin;C:\Program Files (x86)\Intel\iCLS Client\;C:\Program Files\Intel\iCLS Client\;C:\Windows\system32;C:\Windows;C:\Windows\System32\Wbem;C:\Windows\System32\WindowsPowerShell\v1.0\;C:\Program Files (x86)\Brackets\command;C:\laragon\bin\composer;C:\laragon\bin\php\php-5.6.16;C:\Program Files\Intel\Intel(R) Management Engine Components\DAL;C:\Program Files\Intel\Intel(R) Management Engine Components\IPT;C:\Program Files (x86)\Intel\Intel(R) Management Engine Components\DAL;C:\Program Files (x86)\Intel\Intel(R) Management Engine Components\IPT;C:\Program Files\nodejs\;C:\Program Files\dotnet\;C:\Users\hp\AppData\Local\atom\bin;C:\Program Files (x86)\Microsoft VS Code\bin;C:\Users\hp\AppData\Roaming\npm;C:\laragon\bin\cmder\;
10 verbose lifecycle todos2@~dev: CWD: E:\Web\Front-End\html\vue2\todos2
11 silly lifecycle todos2@~dev: Args: [ '/d /s /c', 'npm-run-all --parallel watchify serve' ]
12 silly lifecycle todos2@~dev: Returned: code: 1  signal: null
13 info lifecycle todos2@~dev: Failed to exec dev script
14 verbose stack Error: todos2@ dev: `npm-run-all --parallel watchify serve`
14 verbose stack Exit status 1
14 verbose stack     at EventEmitter.<anonymous> (C:\laragon\bin\nodejs\node_modules\npm\lib\utils\lifecycle.js:242:16)
14 verbose stack     at emitTwo (events.js:106:13)
14 verbose stack     at EventEmitter.emit (events.js:191:7)
14 verbose stack     at ChildProcess.<anonymous> (C:\laragon\bin\nodejs\node_modules\npm\lib\utils\spawn.js:40:14)
14 verbose stack     at emitTwo (events.js:106:13)
14 verbose stack     at ChildProcess.emit (events.js:191:7)
14 verbose stack     at maybeClose (internal/child_process.js:852:16)
14 verbose stack     at Process.ChildProcess._handle.onexit (internal/child_process.js:215:5)
15 verbose pkgid todos2@
16 verbose cwd E:\Web\Front-End\html\vue2\todos2
17 error Windows_NT 10.0.10240
18 error argv "C:\\laragon\\bin\\nodejs\\node.exe" "C:\\laragon\\bin\\nodejs\\node_modules\\npm\\bin\\npm-cli.js" "run" "dev"
19 error node v6.3.0
20 error npm  v3.10.3
21 error code ELIFECYCLE
22 error todos2@ dev: `npm-run-all --parallel watchify serve`
22 error Exit status 1
23 error Failed at the todos2@ dev script 'npm-run-all --parallel watchify serve'.
23 error Make sure you have the latest version of node.js and npm installed.
23 error If you do, this is most likely a problem with the todos2 package,
23 error not with npm itself.
23 error Tell the author that this fails on your system:
23 error     npm-run-all --parallel watchify serve
23 error You can get information on how to open an issue for this project with:
23 error     npm bugs todos2
23 error Or if that isn't available, you can get their info via:
23 error     npm owner ls todos2
23 error There is likely additional logging output above.
24 verbose exit [ 1, true ]
